p/p830.png 1 0 0 37 40
p/p829.png 1 0 0 39 40
p/p828.png 1 0 0 40 38
p/p827.png 1 0 0 40 41
p/p826.png 1 0 0 40 39
p/p825.png 1 0 0 38 39
p/p824.png 1 0 0 45 37
p/p823.png 1 0 0 45 39
p/p822.png 1 0 0 40 28
p/p821.png 1 0 0 40 31
p/p820.png 1 0 0 44 32
p/p819.png 1 0 0 44 34
p/p818.png 1 0 0 49 32
p/p817.png 1 0 0 46 31
p/p816.png 1 0 0 48 29
p/p815.png 1 0 0 48 32
p/p814.png 1 0 0 46 27
p/p813.png 1 0 0 48 24
p/p812.png 1 0 0 48 24
p/p811.png 1 0 0 48 24
p/p810.png 1 0 0 52 23
p/p809.png 1 0 0 53 24
p/p808.png 1 0 0 55 21
p/p807.png 1 0 0 54 20
p/p806.png 1 0 0 54 19
p/p805.png 1 0 0 54 19
p/p804.png 1 0 0 55 16
p/p803.png 1 0 0 53 16
p/p802.png 1 0 0 56 18
p/p801.png 1 0 0 54 17
p/p800.png 1 0 0 55 17
p/p799.png 1 0 0 54 17
p/p798.png 1 0 0 54 19
p/p797.png 1 0 0 54 19
p/p796.png 1 0 0 55 19
p/p795.png 1 0 0 54 19
p/p794.png 1 0 0 56 21
p/p793.png 1 0 0 55 20
p/p792.png 1 0 0 52 22
p/p791.png 1 0 0 54 23
p/p790.png 1 0 0 54 25
p/p789.png 1 0 0 54 25
p/p788.png 1 0 0 51 27
p/p787.png 1 0 0 52 27
p/p786.png 1 0 0 52 30
p/p785.png 1 0 0 52 29
p/p784.png 1 0 0 50 32
p/p783.png 1 0 0 50 32
p/p782.png 1 0 0 50 33
p/p781.png 1 0 0 49 32
p/p780.png 1 0 0 50 32
p/p779.png 1 0 0 50 34
p/p778.png 1 0 0 36 48
p/p777.png 1 0 0 33 42
p/p776.png 1 0 0 35 45
p/p775.png 1 0 0 34 45
p/p774.png 1 0 0 32 50
p/p773.png 1 0 0 32 47
p/p772.png 1 0 0 33 47
p/p771.png 1 0 0 31 46
p/p770.png 1 0 0 30 51
p/p769.png 1 0 0 31 46
p/p768.png 1 0 0 32 48
p/p767.png 1 0 0 31 48
p/p766.png 1 0 0 29 49
p/p765.png 1 0 0 28 49
p/p764.png 1 0 0 28 54
p/p763.png 1 0 0 30 54
p/p762.png 1 0 0 32 53
p/p761.png 1 0 0 29 54
p/p760.png 1 0 0 31 56
p/p759.png 1 0 0 29 55
p/p758.png 1 0 0 28 58
p/p757.png 1 0 0 28 55
p/p756.png 1 0 0 28 56
p/p755.png 1 0 0 28 56
p/p754.png 1 0 0 26 59
p/p753.png 1 0 0 26 57
p/p752.png 1 0 0 27 57
p/p751.png 1 0 0 26 57
p/p750.png 1 0 0 25 62
p/p749.png 1 0 0 24 61
p/p748.png 1 0 0 26 60
p/p747.png 1 0 0 22 59
p/p746.png 1 0 0 22 59
p/p745.png 1 0 0 22 56
p/p744.png 1 0 0 25 59
p/p743.png 1 0 0 25 58
p/p742.png 1 0 0 23 57
p/p741.png 1 0 0 23 57
p/p740.png 1 0 0 20 54
p/p739.png 1 0 0 21 55
p/p738.png 1 0 0 22 50
p/p737.png 1 0 0 20 50
p/p736.png 1 0 0 21 51
p/p735.png 1 0 0 20 51
p/p734.png 1 0 0 23 53
p/p733.png 1 0 0 23 51
p/p732.png 1 0 0 24 48
p/p731.png 1 0 0 25 49
p/p730.png 1 0 0 29 48
p/p729.png 1 0 0 30 48
p/p728.png 1 0 0 27 47
p/p727.png 1 0 0 27 48
p/p726.png 1 0 0 27 45
p/p725.png 1 0 0 29 45
p/p724.png 1 0 0 35 49
p/p723.png 1 0 0 34 46
p/p722.png 1 0 0 35 40
p/p721.png 1 0 0 35 40
p/p720.png 1 0 0 31 40
p/p719.png 1 0 0 32 40
p/p718.png 1 0 0 28 35
p/p717.png 1 0 0 31 40
p/p716.png 1 0 0 40 45
p/p715.png 1 0 0 40 46
p/p714.png 1 0 0 72 40
p/p713.png 1 0 0 68 39
p/p712.png 1 0 0 72 38
p/p711.png 1 0 0 72 37
p/p710.png 1 0 0 70 40
p/p709.png 1 0 0 69 40
p/p708.png 1 0 0 73 36
p/p707.png 1 0 0 72 34
p/p706.png 1 0 0 74 36
p/p705.png 1 0 0 73 35
p/p704.png 1 0 0 74 40
p/p703.png 1 0 0 74 40
p/p702.png 1 0 0 71 40
p/p701.png 1 0 0 70 36
p/p700.png 1 0 0 75 39
p/p699.png 1 0 0 78 38
p/p698.png 1 0 0 75 38
p/p697.png 1 0 0 77 39
p/p696.png 1 0 0 75 40
p/p695.png 1 0 0 75 40
p/p694.png 1 0 0 75 40
p/p693.png 1 0 0 75 40
p/p692.png 1 0 0 74 40
p/p691.png 1 0 0 75 41
p/p690.png 1 0 0 77 44
p/p689.png 1 0 0 78 44
p/p688.png 1 0 0 77 39
p/p687.png 1 0 0 77 40
p/p686.png 1 0 0 75 43
p/p685.png 1 0 0 75 43
p/p684.png 1 0 0 76 39
p/p683.png 1 0 0 76 40
p/p682.png 1 0 0 77 47
p/p681.png 1 0 0 76 46
p/p680.png 1 0 0 77 46
p/p679.png 1 0 0 77 46
p/p678.png 1 0 0 77 46
p/p677.png 1 0 0 80 45
p/p676.png 1 0 0 79 46
p/p675.png 1 0 0 78 46
p/p674.png 1 0 0 82 46
p/p673.png 1 0 0 79 46
p/p672.png 1 0 0 82 48
p/p671.png 1 0 0 83 47
p/p670.png 1 0 0 81 46
p/p669.png 1 0 0 84 46
p/p668.png 1 0 0 80 45
p/p667.png 1 0 0 80 45
p/p666.png 1 0 0 82 49
p/p665.png 1 0 0 82 49
p/p664.png 1 0 0 80 46
p/p663.png 1 0 0 82 46
p/p662.png 1 0 0 81 49
p/p661.png 1 0 0 82 50
p/p660.png 1 0 0 83 49
p/p659.png 1 0 0 82 49
p/p658.png 1 0 0 83 50
p/p657.png 1 0 0 82 50
p/p656.png 1 0 0 83 49
p/p655.png 1 0 0 83 51
p/p654.png 1 0 0 84 49
p/p653.png 1 0 0 83 50
p/p652.png 1 0 0 84 50
p/p651.png 1 0 0 83 50
p/p650.png 1 0 0 84 51
p/p649.png 1 0 0 84 49
p/p648.png 1 0 0 56 28
p/p647.png 1 0 0 56 29
p/p646.png 1 0 0 56 32
p/p645.png 1 0 0 56 29
p/p644.png 1 0 0 56 29
p/p643.png 1 0 0 56 26
p/p642.png 1 0 0 59 30
p/p641.png 1 0 0 58 24
p/p640.png 1 0 0 63 24
p/p639.png 1 0 0 61 24
p/p638.png 1 0 0 62 28
p/p637.png 1 0 0 61 30
p/p636.png 1 0 0 60 24
p/p635.png 1 0 0 63 25
p/p634.png 1 0 0 61 27
p/p633.png 1 0 0 61 26
p/p632.png 1 0 0 56 30
p/p631.png 1 0 0 56 30
p/p630.png 1 0 0 60 32
p/p629.png 1 0 0 61 32
p/p628.png 1 0 0 61 28
p/p627.png 1 0 0 63 28
p/p626.png 1 0 0 58 30
p/p625.png 1 0 0 58 30
p/p624.png 1 0 0 62 29
p/p623.png 1 0 0 61 28
p/p622.png 1 0 0 64 29
p/p621.png 1 0 0 64 29
p/p620.png 1 0 0 64 34
p/p619.png 1 0 0 63 34
p/p618.png 1 0 0 62 32
p/p617.png 1 0 0 64 32
p/p616.png 1 0 0 64 32
p/p615.png 1 0 0 64 32
p/p614.png 1 0 0 63 32
p/p613.png 1 0 0 63 32
p/p612.png 1 0 0 64 34
p/p611.png 1 0 0 64 33
p/p610.png 1 0 0 63 32
p/p609.png 1 0 0 64 32
p/p608.png 1 0 0 64 31
p/p607.png 1 0 0 64 30
p/p606.png 1 0 0 66 32
p/p605.png 1 0 0 65 33
p/p604.png 1 0 0 69 39
p/p603.png 1 0 0 69 37
p/p602.png 1 0 0 63 32
p/p601.png 1 0 0 64 32
p/p600.png 1 0 0 64 32
p/p599.png 1 0 0 64 30
p/p598.png 1 0 0 68 35
p/p597.png 1 0 0 68 35
p/p596.png 1 0 0 70 32
p/p595.png 1 0 0 69 32
p/p594.png 1 0 0 71 37
p/p593.png 1 0 0 70 36
p/p592.png 1 0 0 69 39
p/p591.png 1 0 0 67 36
p/p590.png 1 0 0 68 32
p/p589.png 1 0 0 68 32
p/p588.png 1 0 0 67 37
p/p587.png 1 0 0 67 38
p/p586.png 1 0 0 67 32
p/p585.png 1 0 0 67 32
p/p584.png 1 0 0 69 36
p/p583.png 1 0 0 69 35
p/p582.png 1 0 0 70 36
p/p581.png 1 0 0 70 36
p/p580.png 1 0 0 72 34
p/p579.png 1 0 0 70 35
p/p578.png 1 0 0 48 24
p/p577.png 1 0 0 51 24
p/p576.png 1 0 0 48 22
p/p575.png 1 0 0 48 22
p/p574.png 1 0 0 54 24
p/p573.png 1 0 0 56 24
p/p572.png 1 0 0 48 23
p/p571.png 1 0 0 47 24
p/p570.png 1 0 0 53 23
p/p569.png 1 0 0 52 25
p/p568.png 1 0 0 48 28
p/p567.png 1 0 0 48 29
p/p566.png 1 0 0 51 24
p/p565.png 1 0 0 52 25
p/p564.png 1 0 0 56 31
p/p563.png 1 0 0 56 29
p/p562.png 1 0 0 56 24
p/p561.png 1 0 0 55 23
p/p560.png 1 0 0 48 28
p/p559.png 1 0 0 48 29
p/p558.png 1 0 0 56 24
p/p557.png 1 0 0 56 24
p/p556.png 1 0 0 56 27
p/p555.png 1 0 0 53 23
p/p554.png 1 0 0 56 24
p/p553.png 1 0 0 56 24
p/p552.png 1 0 0 53 24
p/p551.png 1 0 0 56 24
p/p550.png 1 0 0 49 32
p/p549.png 1 0 0 48 21
p/p548.png 1 0 0 58 24
p/p547.png 1 0 0 60 24
p/p546.png 1 0 0 56 23
p/p545.png 1 0 0 56 24
p/p544.png 1 0 0 56 29
p/p543.png 1 0 0 56 26
p/p542.png 1 0 0 55 24
p/p541.png 1 0 0 56 24
p/p540.png 1 0 0 72 60
p/p539.png 1 0 0 72 60
p/p538.png 1 0 0 72 58
p/p537.png 1 0 0 73 58
p/p536.png 1 0 0 71 54
p/p535.png 1 0 0 72 55
p/p534.png 1 0 0 73 52
p/p533.png 1 0 0 73 52
p/p532.png 1 0 0 73 49
p/p531.png 1 0 0 74 50
p/p530.png 1 0 0 72 48
p/p529.png 1 0 0 73 48
p/p528.png 1 0 0 71 46
p/p527.png 1 0 0 71 46
p/p526.png 1 0 0 70 45
p/p525.png 1 0 0 70 45
p/p524.png 1 0 0 69 44
p/p523.png 1 0 0 69 44
p/p522.png 1 0 0 69 44
p/p521.png 1 0 0 68 44
p/p520.png 1 0 0 69 44
p/p519.png 1 0 0 69 44
p/p518.png 1 0 0 135 94
p/p517.png 1 0 0 136 95
p/p516.png 1 0 0 141 94
p/p515.png 1 0 0 142 102
p/p514.png 1 0 0 144 103
p/p513.png 1 0 0 137 102
p/p512.png 1 0 0 141 104
p/p511.png 1 0 0 141 100
p/p510.png 1 0 0 140 113
p/p509.png 1 0 0 142 110
p/p508.png 1 0 0 146 120
p/p507.png 1 0 0 149 120
p/p506.png 1 0 0 149 122
p/p505.png 1 0 0 147 124
p/p504.png 1 0 0 149 129
p/p503.png 1 0 0 150 133
p/p502.png 1 0 0 150 134
p/p501.png 1 0 0 150 137
p/p500.png 1 0 0 150 141
p/p499.png 1 0 0 132 142
p/p498.png 1 0 0 136 145
p/p497.png 1 0 0 136 144
p/p496.png 1 0 0 140 150
p/p495.png 1 0 0 136 154
p/p494.png 1 0 0 141 159
p/p493.png 1 0 0 139 156
p/p492.png 1 0 0 140 162
p/p491.png 1 0 0 145 163
p/p490.png 1 0 0 138 165
p/p489.png 1 0 0 141 163
p/p488.png 1 0 0 139 166
p/p487.png 1 0 0 140 170
p/p486.png 1 0 0 137 165
p/p485.png 1 0 0 136 166
p/p484.png 1 0 0 134 166
p/p483.png 1 0 0 133 163
p/p482.png 1 0 0 130 163
p/p481.png 1 0 0 129 159
p/p480.png 1 0 0 126 155
p/p479.png 1 0 0 126 156
p/p478.png 1 0 0 117 154
p/p477.png 1 0 0 118 151
p/p476.png 1 0 0 118 145
p/p475.png 1 0 0 119 148
p/p474.png 1 0 0 106 141
p/p473.png 1 0 0 108 144
p/p472.png 1 0 0 106 137
p/p471.png 1 0 0 106 136
p/p470.png 1 0 0 94 128
p/p469.png 1 0 0 97 128
p/p468.png 1 0 0 94 126
p/p467.png 1 0 0 95 124
p/p466.png 1 0 0 86 118
p/p465.png 1 0 0 84 118
p/p464.png 1 0 0 82 111
p/p463.png 1 0 0 82 112
p/p462.png 1 0 0 78 107
p/p461.png 1 0 0 74 107
p/p460.png 1 0 0 77 101
p/p459.png 1 0 0 78 101
p/p458.png 1 0 0 77 97
p/p457.png 1 0 0 78 96
p/p456.png 1 0 0 77 91
p/p455.png 1 0 0 78 92
p/p454.png 1 0 0 75 88
p/p453.png 1 0 0 75 88
p/p452.png 1 0 0 77 86
p/p451.png 1 0 0 77 85
p/p450.png 1 0 0 76 80
p/p449.png 1 0 0 75 80
p/p448.png 1 0 0 77 78
p/p447.png 1 0 0 75 77
p/p446.png 1 0 0 77 76
p/p445.png 1 0 0 76 74
p/p444.png 1 0 0 72 68
p/p443.png 1 0 0 72 71
p/p442.png 1 0 0 76 69
p/p441.png 1 0 0 76 68
p/p440.png 1 0 0 78 68
p/p439.png 1 0 0 78 68
p/p438.png 1 0 0 101 45
p/p437.png 1 0 0 106 36
p/p436.png 1 0 0 106 46
p/p435.png 1 0 0 108 53
p/p434.png 1 0 0 109 55
p/p433.png 1 0 0 110 55
p/p432.png 1 0 0 112 61
p/p431.png 1 0 0 111 62
p/p430.png 1 0 0 113 60
p/p429.png 1 0 0 115 60
p/p428.png 1 0 0 117 65
p/p427.png 1 0 0 117 64
p/p426.png 1 0 0 119 70
p/p425.png 1 0 0 115 71
p/p424.png 1 0 0 123 72
p/p423.png 1 0 0 124 72
p/p422.png 1 0 0 128 72
p/p421.png 1 0 0 125 72
p/p420.png 1 0 0 127 82
p/p419.png 1 0 0 124 77
p/p418.png 1 0 0 131 79
p/p417.png 1 0 0 128 81
p/p416.png 1 0 0 135 83
p/p415.png 1 0 0 136 86
p/p414.png 1 0 0 138 91
p/p413.png 1 0 0 134 92
p/p412.png 1 0 0 137 93
p/p411.png 1 0 0 140 93
p/p410.png 1 0 0 154 182
p/p409.png 1 0 0 152 183
p/p408.png 1 0 0 154 179
p/p407.png 1 0 0 152 177
p/p406.png 1 0 0 146 183
p/p405.png 1 0 0 149 182
p/p404.png 1 0 0 145 181
p/p403.png 1 0 0 145 178
p/p402.png 1 0 0 143 179
p/p401.png 1 0 0 144 181
p/p400.png 1 0 0 139 177
p/p399.png 1 0 0 138 180
p/p398.png 1 0 0 136 177
p/p397.png 1 0 0 135 177
p/p396.png 1 0 0 129 176
p/p395.png 1 0 0 130 178
p/p394.png 1 0 0 130 180
p/p393.png 1 0 0 133 181
p/p392.png 1 0 0 128 177
p/p391.png 1 0 0 128 174
p/p390.png 1 0 0 123 173
p/p389.png 1 0 0 128 176
p/p388.png 1 0 0 124 183
p/p387.png 1 0 0 123 181
p/p386.png 1 0 0 116 180
p/p385.png 1 0 0 117 178
p/p384.png 1 0 0 120 182
p/p383.png 1 0 0 118 182
p/p382.png 1 0 0 120 188
p/p381.png 1 0 0 117 187
p/p380.png 1 0 0 116 191
p/p379.png 1 0 0 112 189
p/p378.png 1 0 0 111 204
p/p377.png 1 0 0 111 201
p/p376.png 1 0 0 110 197
p/p375.png 1 0 0 114 205
p/p374.png 1 0 0 107 204
p/p373.png 1 0 0 107 207
p/p372.png 1 0 0 102 217
p/p371.png 1 0 0 110 212
p/p370.png 1 0 0 101 217
p/p369.png 1 0 0 102 225
p/p368.png 1 0 0 87 211
p/p367.png 1 0 0 98 213
p/p366.png 1 0 0 84 215
p/p365.png 1 0 0 88 212
p/p364.png 1 0 0 231 137
p/p363.png 1 0 0 229 135
p/p362.png 1 0 0 229 138
p/p361.png 1 0 0 230 138
p/p360.png 1 0 0 226 136
p/p359.png 1 0 0 229 136
p/p358.png 1 0 0 227 138
p/p357.png 1 0 0 229 137
p/p356.png 1 0 0 224 139
p/p355.png 1 0 0 225 140
p/p354.png 1 0 0 223 142
p/p353.png 1 0 0 223 141
p/p352.png 1 0 0 219 142
p/p351.png 1 0 0 221 142
p/p350.png 1 0 0 217 143
p/p349.png 1 0 0 217 145
p/p348.png 1 0 0 219 147
p/p347.png 1 0 0 216 144
p/p346.png 1 0 0 215 145
p/p345.png 1 0 0 217 148
p/p344.png 1 0 0 212 146
p/p343.png 1 0 0 216 149
p/p342.png 1 0 0 212 148
p/p341.png 1 0 0 215 151
p/p340.png 1 0 0 216 149
p/p339.png 1 0 0 215 153
p/p338.png 1 0 0 221 161
p/p337.png 1 0 0 219 163
p/p336.png 1 0 0 222 163
p/p335.png 1 0 0 220 164
p/p334.png 1 0 0 228 168
p/p333.png 1 0 0 229 166
p/p332.png 1 0 0 225 174
p/p331.png 1 0 0 220 170
p/p330.png 1 0 0 224 175
p/p329.png 1 0 0 225 176
p/p328.png 1 0 0 225 182
p/p327.png 1 0 0 225 182
p/p326.png 1 0 0 225 181
p/p325.png 1 0 0 226 182
p/p324.png 1 0 0 222 185
p/p323.png 1 0 0 222 184
p/p322.png 1 0 0 214 181
p/p321.png 1 0 0 221 180
p/p320.png 1 0 0 213 180
p/p319.png 1 0 0 217 183
p/p318.png 1 0 0 216 178
p/p317.png 1 0 0 215 182
p/p316.png 1 0 0 209 179
p/p315.png 1 0 0 207 179
p/p314.png 1 0 0 209 178
p/p313.png 1 0 0 209 183
p/p312.png 1 0 0 199 182
p/p311.png 1 0 0 201 182
p/p310.png 1 0 0 200 187
p/p309.png 1 0 0 205 188
p/p308.png 1 0 0 196 184
p/p307.png 1 0 0 199 185
p/p306.png 1 0 0 200 188
p/p305.png 1 0 0 201 188
p/p304.png 1 0 0 197 199
p/p303.png 1 0 0 196 194
p/p302.png 1 0 0 193 191
p/p301.png 1 0 0 191 189
p/p300.png 1 0 0 186 195
p/p299.png 1 0 0 186 195
p/p298.png 1 0 0 172 185
p/p297.png 1 0 0 173 188
p/p296.png 1 0 0 176 188
p/p295.png 1 0 0 179 191
p/p294.png 1 0 0 162 181
p/p293.png 1 0 0 176 190
p/p292.png 1 0 0 160 185
p/p291.png 1 0 0 167 193
p/p290.png 1 0 0 238 152
p/p289.png 1 0 0 235 145
p/p288.png 1 0 0 211 244
p/p287.png 1 0 0 223 70
p/p286.png 1 0 0 195 44
p/p285.png 1 0 0 275 115
p/p284.png 1 0 0 89 67
p/p283.png 1 0 0 216 84
p/p282.png 1 0 0 97 31
p/p281.png 1 0 0 89 72
p/p280.png 1 0 0 50 24
p/p279.png 1 0 0 146 37
p/p278.png 1 0 0 186 119
p/p277.png 1 0 0 189 215
p/p276.png 1 0 0 409 150
p/p275.png 1 0 0 429 180
p/p274.png 1 0 0 59 49
p/p273.png 1 0 0 173 118
p/p272.png 1 0 0 345 106
p/p271.png 1 0 0 287 106
p/p270.png 1 0 0 37 40
p/p269.png 1 0 0 40 39
p/p268.png 1 0 0 44 39
p/p267.png 1 0 0 48 39
p/p266.png 1 0 0 44 38
p/p265.png 1 0 0 52 39
p/p264.png 1 0 0 55 35
p/p263.png 1 0 0 56 32
p/p262.png 1 0 0 56 28
p/p261.png 1 0 0 49 24
p/p260.png 1 0 0 54 24
p/p259.png 1 0 0 56 23
p/p258.png 1 0 0 56 22
p/p257.png 1 0 0 55 19
p/p256.png 1 0 0 63 20
p/p255.png 1 0 0 59 19
p/p254.png 1 0 0 59 22
p/p253.png 1 0 0 57 20
p/p252.png 1 0 0 59 24
p/p251.png 1 0 0 55 24
p/p250.png 1 0 0 56 25
p/p249.png 1 0 0 55 29
p/p248.png 1 0 0 53 30
p/p247.png 1 0 0 51 32
p/p246.png 1 0 0 51 36
p/p245.png 1 0 0 50 35
p/p244.png 1 0 0 35 50
p/p243.png 1 0 0 39 50
p/p242.png 1 0 0 34 53
p/p241.png 1 0 0 34 47
p/p240.png 1 0 0 31 56
p/p239.png 1 0 0 34 50
p/p238.png 1 0 0 31 60
p/p237.png 1 0 0 29 54
p/p236.png 1 0 0 31 60
p/p235.png 1 0 0 33 58
p/p234.png 1 0 0 32 58
p/p233.png 1 0 0 31 63
p/p232.png 1 0 0 30 60
p/p231.png 1 0 0 28 59
p/p230.png 1 0 0 29 63
p/p229.png 1 0 0 26 60
p/p228.png 1 0 0 24 61
p/p227.png 1 0 0 28 59
p/p226.png 1 0 0 23 58
p/p225.png 1 0 0 21 56
p/p224.png 1 0 0 24 58
p/p223.png 1 0 0 22 56
p/p222.png 1 0 0 24 56
p/p221.png 1 0 0 29 52
p/p220.png 1 0 0 32 48
p/p219.png 1 0 0 32 48
p/p218.png 1 0 0 38 48
p/p217.png 1 0 0 34 47
p/p216.png 1 0 0 36 50
p/p215.png 1 0 0 40 48
p/p214.png 1 0 0 40 46
p/p213.png 1 0 0 40 49
p/p212.png 1 0 0 69 39
p/p211.png 1 0 0 72 38
p/p210.png 1 0 0 70 33
p/p209.png 1 0 0 73 36
p/p208.png 1 0 0 74 35
p/p207.png 1 0 0 75 40
p/p206.png 1 0 0 71 38
p/p205.png 1 0 0 74 37
p/p204.png 1 0 0 74 40
p/p203.png 1 0 0 75 40
p/p202.png 1 0 0 75 39
p/p201.png 1 0 0 74 40
p/p200.png 1 0 0 80 41
p/p199.png 1 0 0 77 40
p/p198.png 1 0 0 75 42
p/p197.png 1 0 0 77 40
p/p196.png 1 0 0 76 47
p/p195.png 1 0 0 78 46
p/p194.png 1 0 0 77 44
p/p193.png 1 0 0 78 46
p/p192.png 1 0 0 80 46
p/p191.png 1 0 0 82 47
p/p190.png 1 0 0 81 45
p/p189.png 1 0 0 80 45
p/p188.png 1 0 0 82 47
p/p187.png 1 0 0 82 47
p/p186.png 1 0 0 81 49
p/p185.png 1 0 0 83 49
p/p184.png 1 0 0 83 50
p/p183.png 1 0 0 84 50
p/p182.png 1 0 0 85 51
p/p181.png 1 0 0 85 51
p/p180.png 1 0 0 84 51
p/p179.png 1 0 0 52 27
p/p178.png 1 0 0 56 23
p/p177.png 1 0 0 56 27
p/p176.png 1 0 0 59 25
p/p175.png 1 0 0 61 25
p/p174.png 1 0 0 60 30
p/p173.png 1 0 0 64 27
p/p172.png 1 0 0 62 27
p/p171.png 1 0 0 56 30
p/p170.png 1 0 0 61 31
p/p169.png 1 0 0 63 27
p/p168.png 1 0 0 58 30
p/p167.png 1 0 0 61 29
p/p166.png 1 0 0 64 29
p/p165.png 1 0 0 65 30
p/p164.png 1 0 0 61 32
p/p163.png 1 0 0 64 32
p/p162.png 1 0 0 64 30
p/p161.png 1 0 0 64 33
p/p160.png 1 0 0 64 30
p/p159.png 1 0 0 64 30
p/p158.png 1 0 0 65 33
p/p157.png 1 0 0 69 34
p/p156.png 1 0 0 64 32
p/p155.png 1 0 0 64 31
p/p154.png 1 0 0 67 35
p/p153.png 1 0 0 68 32
p/p152.png 1 0 0 67 38
p/p151.png 1 0 0 69 39
p/p150.png 1 0 0 68 33
p/p149.png 1 0 0 67 37
p/p148.png 1 0 0 68 33
p/p147.png 1 0 0 70 35
p/p146.png 1 0 0 72 33
p/p145.png 1 0 0 69 36
p/p144.png 1 0 0 48 19
p/p143.png 1 0 0 48 23
p/p142.png 1 0 0 56 21
p/p141.png 1 0 0 51 23
p/p140.png 1 0 0 53 24
p/p139.png 1 0 0 48 23
p/p138.png 1 0 0 56 24
p/p137.png 1 0 0 56 31
p/p136.png 1 0 0 55 24
p/p135.png 1 0 0 48 24
p/p134.png 1 0 0 56 26
p/p133.png 1 0 0 56 28
p/p132.png 1 0 0 56 29
p/p131.png 1 0 0 53 23
p/p130.png 1 0 0 55 35
p/p129.png 1 0 0 61 25
p/p128.png 1 0 0 56 24
p/p127.png 1 0 0 59 30
p/p126.png 1 0 0 62 32
p/p125.png 1 0 0 72 65
p/p124.png 1 0 0 77 64
p/p123.png 1 0 0 72 58
p/p122.png 1 0 0 74 54
p/p121.png 1 0 0 76 52
p/p120.png 1 0 0 75 50
p/p119.png 1 0 0 73 48
p/p118.png 1 0 0 72 47
p/p117.png 1 0 0 69 44
p/p116.png 1 0 0 70 45
p/p115.png 1 0 0 69 44
p/p114.png 1 0 0 145 101
p/p113.png 1 0 0 143 103
p/p112.png 1 0 0 146 108
p/p111.png 1 0 0 146 109
p/p110.png 1 0 0 149 118
p/p109.png 1 0 0 153 127
p/p108.png 1 0 0 154 132
p/p107.png 1 0 0 155 137
p/p106.png 1 0 0 155 142
p/p105.png 1 0 0 156 147
p/p104.png 1 0 0 154 155
p/p103.png 1 0 0 156 166
p/p102.png 1 0 0 160 172
p/p101.png 1 0 0 164 177
p/p100.png 1 0 0 158 175
p/p99.png 1 0 0 154 174
p/p98.png 1 0 0 145 173
p/p97.png 1 0 0 142 170
p/p96.png 1 0 0 134 168
p/p95.png 1 0 0 131 163
p/p94.png 1 0 0 124 158
p/p93.png 1 0 0 123 155
p/p92.png 1 0 0 118 151
p/p91.png 1 0 0 113 143
p/p90.png 1 0 0 103 135
p/p89.png 1 0 0 102 128
p/p88.png 1 0 0 91 123
p/p87.png 1 0 0 85 115
p/p86.png 1 0 0 82 110
p/p85.png 1 0 0 80 104
p/p84.png 1 0 0 80 98
p/p83.png 1 0 0 80 94
p/p82.png 1 0 0 77 89
p/p81.png 1 0 0 78 88
p/p80.png 1 0 0 77 80
p/p79.png 1 0 0 77 78
p/p78.png 1 0 0 77 76
p/p77.png 1 0 0 75 73
p/p76.png 1 0 0 78 71
p/p75.png 1 0 0 82 74
p/p74.png 1 0 0 105 55
p/p73.png 1 0 0 110 55
p/p72.png 1 0 0 112 60
p/p71.png 1 0 0 117 73
p/p70.png 1 0 0 121 71
p/p69.png 1 0 0 121 73
p/p68.png 1 0 0 127 76
p/p67.png 1 0 0 128 78
p/p66.png 1 0 0 133 81
p/p65.png 1 0 0 138 91
p/p64.png 1 0 0 136 89
p/p63.png 1 0 0 140 93
p/p62.png 1 0 0 143 97
p/p61.png 1 0 0 145 106
p/p60.png 1 0 0 233 140
p/p59.png 1 0 0 160 187
p/p58.png 1 0 0 165 189
p/p57.png 1 0 0 172 195
p/p56.png 1 0 0 175 192
p/p55.png 1 0 0 186 194
p/p54.png 1 0 0 185 187
p/p53.png 1 0 0 194 197
p/p52.png 1 0 0 206 193
p/p51.png 1 0 0 202 191
p/p50.png 1 0 0 199 188
p/p49.png 1 0 0 201 184
p/p48.png 1 0 0 210 188
p/p47.png 1 0 0 209 184
p/p46.png 1 0 0 214 184
p/p45.png 1 0 0 216 186
p/p44.png 1 0 0 225 186
p/p43.png 1 0 0 232 186
p/p42.png 1 0 0 224 185
p/p41.png 1 0 0 234 180
p/p40.png 1 0 0 230 173
p/p39.png 1 0 0 225 166
p/p38.png 1 0 0 224 166
p/p37.png 1 0 0 223 163
p/p36.png 1 0 0 216 155
p/p35.png 1 0 0 220 155
p/p34.png 1 0 0 216 153
p/p33.png 1 0 0 222 151
p/p32.png 1 0 0 219 149
p/p31.png 1 0 0 222 146
p/p30.png 1 0 0 221 146
p/p29.png 1 0 0 227 144
p/p28.png 1 0 0 227 141
p/p27.png 1 0 0 229 140
p/p26.png 1 0 0 230 139
p/p25.png 1 0 0 233 139
p/p24.png 1 0 0 233 139
p/p23.png 1 0 0 94 223
p/p22.png 1 0 0 102 227
p/p21.png 1 0 0 107 229
p/p20.png 1 0 0 118 230
p/p19.png 1 0 0 119 229
p/p18.png 1 0 0 120 222
p/p17.png 1 0 0 124 206
p/p16.png 1 0 0 119 199
p/p15.png 1 0 0 118 195
p/p14.png 1 0 0 129 187
p/p13.png 1 0 0 129 188
p/p12.png 1 0 0 127 186
p/p11.png 1 0 0 132 181
p/p10.png 1 0 0 134 184
p/p9.png 1 0 0 144 190
p/p8.png 1 0 0 137 187
p/p7.png 1 0 0 138 185
p/p6.png 1 0 0 144 187
p/p5.png 1 0 0 148 188
p/p4.png 1 0 0 144 185
p/p3.png 1 0 0 150 186
p/p2.png 1 0 0 155 183
p/p1.png 1 0 0 156 188