p/p288.png 1 0 0 211 244
p/p287.png 1 0 0 223 70
p/p286.png 1 0 0 195 44
p/p285.png 1 0 0 275 115
p/p284.png 1 0 0 89 67
p/p283.png 1 0 0 216 84
p/p282.png 1 0 0 97 31
p/p281.png 1 0 0 89 72
p/p280.png 1 0 0 50 24
p/p279.png 1 0 0 146 37
p/p278.png 1 0 0 186 119
p/p277.png 1 0 0 189 215
p/p276.png 1 0 0 409 150
p/p275.png 1 0 0 429 180
p/p274.png 1 0 0 59 49
p/p273.png 1 0 0 173 118
p/p272.png 1 0 0 345 106
p/p271.png 1 0 0 287 106
p/p270.png 1 0 0 37 40
p/p269.png 1 0 0 40 39
p/p268.png 1 0 0 44 39
p/p267.png 1 0 0 48 39
p/p266.png 1 0 0 44 38
p/p265.png 1 0 0 52 39
p/p264.png 1 0 0 55 35
p/p263.png 1 0 0 56 32
p/p262.png 1 0 0 56 28
p/p261.png 1 0 0 49 24
p/p260.png 1 0 0 54 24
p/p259.png 1 0 0 56 23
p/p258.png 1 0 0 56 22
p/p257.png 1 0 0 55 19
p/p256.png 1 0 0 63 20
p/p255.png 1 0 0 59 19
p/p254.png 1 0 0 59 22
p/p253.png 1 0 0 57 20
p/p252.png 1 0 0 59 24
p/p251.png 1 0 0 55 24
p/p250.png 1 0 0 56 25
p/p249.png 1 0 0 55 29
p/p248.png 1 0 0 53 30
p/p247.png 1 0 0 51 32
p/p246.png 1 0 0 51 36
p/p245.png 1 0 0 50 35
p/p244.png 1 0 0 35 50
p/p243.png 1 0 0 39 50
p/p242.png 1 0 0 34 53
p/p241.png 1 0 0 34 47
p/p240.png 1 0 0 31 56
p/p239.png 1 0 0 34 50
p/p238.png 1 0 0 31 60
p/p237.png 1 0 0 29 54
p/p236.png 1 0 0 31 60
p/p235.png 1 0 0 33 58
p/p234.png 1 0 0 32 58
p/p233.png 1 0 0 31 63
p/p232.png 1 0 0 30 60
p/p231.png 1 0 0 28 59
p/p230.png 1 0 0 29 63
p/p229.png 1 0 0 26 60
p/p228.png 1 0 0 24 61
p/p227.png 1 0 0 28 59
p/p226.png 1 0 0 23 58
p/p225.png 1 0 0 21 56
p/p224.png 1 0 0 24 58
p/p223.png 1 0 0 22 56
p/p222.png 1 0 0 24 56
p/p221.png 1 0 0 29 52
p/p220.png 1 0 0 32 48
p/p219.png 1 0 0 32 48
p/p218.png 1 0 0 38 48
p/p217.png 1 0 0 34 47
p/p216.png 1 0 0 36 50
p/p215.png 1 0 0 40 48
p/p214.png 1 0 0 40 46
p/p213.png 1 0 0 40 49
p/p212.png 1 0 0 69 39
p/p211.png 1 0 0 72 38
p/p210.png 1 0 0 70 33
p/p209.png 1 0 0 73 36
p/p208.png 1 0 0 74 35
p/p207.png 1 0 0 75 40
p/p206.png 1 0 0 71 38
p/p205.png 1 0 0 74 37
p/p204.png 1 0 0 74 40
p/p203.png 1 0 0 75 40
p/p202.png 1 0 0 75 39
p/p201.png 1 0 0 74 40
p/p200.png 1 0 0 80 41
p/p199.png 1 0 0 77 40
p/p198.png 1 0 0 75 42
p/p197.png 1 0 0 77 40
p/p196.png 1 0 0 76 47
p/p195.png 1 0 0 78 46
p/p194.png 1 0 0 77 44
p/p193.png 1 0 0 78 46
p/p192.png 1 0 0 80 46
p/p191.png 1 0 0 82 47
p/p190.png 1 0 0 81 45
p/p189.png 1 0 0 80 45
p/p188.png 1 0 0 82 47
p/p187.png 1 0 0 82 47
p/p186.png 1 0 0 81 49
p/p185.png 1 0 0 83 49
p/p184.png 1 0 0 83 50
p/p183.png 1 0 0 84 50
p/p182.png 1 0 0 85 51
p/p181.png 1 0 0 85 51
p/p180.png 1 0 0 84 51
p/p179.png 1 0 0 52 27
p/p178.png 1 0 0 56 23
p/p177.png 1 0 0 56 27
p/p176.png 1 0 0 59 25
p/p175.png 1 0 0 61 25
p/p174.png 1 0 0 60 30
p/p173.png 1 0 0 64 27
p/p172.png 1 0 0 62 27
p/p171.png 1 0 0 56 30
p/p170.png 1 0 0 61 31
p/p169.png 1 0 0 63 27
p/p168.png 1 0 0 58 30
p/p167.png 1 0 0 61 29
p/p166.png 1 0 0 64 29
p/p165.png 1 0 0 65 30
p/p164.png 1 0 0 61 32
p/p163.png 1 0 0 64 32
p/p162.png 1 0 0 64 30
p/p161.png 1 0 0 64 33
p/p160.png 1 0 0 64 30
p/p159.png 1 0 0 64 30
p/p158.png 1 0 0 65 33
p/p157.png 1 0 0 69 34
p/p156.png 1 0 0 64 32
p/p155.png 1 0 0 64 31
p/p154.png 1 0 0 67 35
p/p153.png 1 0 0 68 32
p/p152.png 1 0 0 67 38
p/p151.png 1 0 0 69 39
p/p150.png 1 0 0 68 33
p/p149.png 1 0 0 67 37
p/p148.png 1 0 0 68 33
p/p147.png 1 0 0 70 35
p/p146.png 1 0 0 72 33
p/p145.png 1 0 0 69 36
p/p144.png 1 0 0 48 19
p/p143.png 1 0 0 48 23
p/p142.png 1 0 0 56 21
p/p141.png 1 0 0 51 23
p/p140.png 1 0 0 53 24
p/p139.png 1 0 0 48 23
p/p138.png 1 0 0 56 24
p/p137.png 1 0 0 56 31
p/p136.png 1 0 0 55 24
p/p135.png 1 0 0 48 24
p/p134.png 1 0 0 56 26
p/p133.png 1 0 0 56 28
p/p132.png 1 0 0 56 29
p/p131.png 1 0 0 53 23
p/p130.png 1 0 0 55 35
p/p129.png 1 0 0 61 25
p/p128.png 1 0 0 56 24
p/p127.png 1 0 0 59 30
p/p126.png 1 0 0 62 32
p/p125.png 1 0 0 72 65
p/p124.png 1 0 0 77 64
p/p123.png 1 0 0 72 58
p/p122.png 1 0 0 74 54
p/p121.png 1 0 0 76 52
p/p120.png 1 0 0 75 50
p/p119.png 1 0 0 73 48
p/p118.png 1 0 0 72 47
p/p117.png 1 0 0 69 44
p/p116.png 1 0 0 70 45
p/p115.png 1 0 0 69 44
p/p114.png 1 0 0 145 101
p/p113.png 1 0 0 143 103
p/p112.png 1 0 0 146 108
p/p111.png 1 0 0 146 109
p/p110.png 1 0 0 149 118
p/p109.png 1 0 0 153 127
p/p108.png 1 0 0 154 132
p/p107.png 1 0 0 155 137
p/p106.png 1 0 0 155 142
p/p105.png 1 0 0 156 147
p/p104.png 1 0 0 154 155
p/p103.png 1 0 0 156 166
p/p102.png 1 0 0 160 172
p/p101.png 1 0 0 164 177
p/p100.png 1 0 0 158 175
p/p99.png 1 0 0 154 174
p/p98.png 1 0 0 145 173
p/p97.png 1 0 0 142 170
p/p96.png 1 0 0 134 168
p/p95.png 1 0 0 131 163
p/p94.png 1 0 0 124 158
p/p93.png 1 0 0 123 155
p/p92.png 1 0 0 118 151
p/p91.png 1 0 0 113 143
p/p90.png 1 0 0 103 135
p/p89.png 1 0 0 102 128
p/p88.png 1 0 0 91 123
p/p87.png 1 0 0 85 115
p/p86.png 1 0 0 82 110
p/p85.png 1 0 0 80 104
p/p84.png 1 0 0 80 98
p/p83.png 1 0 0 80 94
p/p82.png 1 0 0 77 89
p/p81.png 1 0 0 78 88
p/p80.png 1 0 0 77 80
p/p79.png 1 0 0 77 78
p/p78.png 1 0 0 77 76
p/p77.png 1 0 0 75 73
p/p76.png 1 0 0 78 71
p/p75.png 1 0 0 82 74
p/p74.png 1 0 0 105 55
p/p73.png 1 0 0 110 55
p/p72.png 1 0 0 112 60
p/p71.png 1 0 0 117 73
p/p70.png 1 0 0 121 71
p/p69.png 1 0 0 121 73
p/p68.png 1 0 0 127 76
p/p67.png 1 0 0 128 78
p/p66.png 1 0 0 133 81
p/p65.png 1 0 0 138 91
p/p64.png 1 0 0 136 89
p/p63.png 1 0 0 140 93
p/p62.png 1 0 0 143 97
p/p61.png 1 0 0 145 106
p/p60.png 1 0 0 233 140
p/p59.png 1 0 0 160 187
p/p58.png 1 0 0 165 189
p/p57.png 1 0 0 172 195
p/p56.png 1 0 0 175 192
p/p55.png 1 0 0 186 194
p/p54.png 1 0 0 185 187
p/p53.png 1 0 0 194 197
p/p52.png 1 0 0 206 193
p/p51.png 1 0 0 202 191
p/p50.png 1 0 0 199 188
p/p49.png 1 0 0 201 184
p/p48.png 1 0 0 210 188
p/p47.png 1 0 0 209 184
p/p46.png 1 0 0 214 184
p/p45.png 1 0 0 216 186
p/p44.png 1 0 0 225 186
p/p43.png 1 0 0 232 186
p/p42.png 1 0 0 224 185
p/p41.png 1 0 0 234 180
p/p40.png 1 0 0 230 173
p/p39.png 1 0 0 225 166
p/p38.png 1 0 0 224 166
p/p37.png 1 0 0 223 163
p/p36.png 1 0 0 216 155
p/p35.png 1 0 0 220 155
p/p34.png 1 0 0 216 153
p/p33.png 1 0 0 222 151
p/p32.png 1 0 0 219 149
p/p31.png 1 0 0 222 146
p/p30.png 1 0 0 221 146
p/p29.png 1 0 0 227 144
p/p28.png 1 0 0 227 141
p/p27.png 1 0 0 229 140
p/p26.png 1 0 0 230 139
p/p25.png 1 0 0 233 139
p/p24.png 1 0 0 233 139
p/p23.png 1 0 0 94 223
p/p22.png 1 0 0 102 227
p/p21.png 1 0 0 107 229
p/p20.png 1 0 0 118 230
p/p19.png 1 0 0 119 229
p/p18.png 1 0 0 120 222
p/p17.png 1 0 0 124 206
p/p16.png 1 0 0 119 199
p/p15.png 1 0 0 118 195
p/p14.png 1 0 0 129 187
p/p13.png 1 0 0 129 188
p/p12.png 1 0 0 127 186
p/p11.png 1 0 0 132 181
p/p10.png 1 0 0 134 184
p/p9.png 1 0 0 144 190
p/p8.png 1 0 0 137 187
p/p7.png 1 0 0 138 185
p/p6.png 1 0 0 144 187
p/p5.png 1 0 0 148 188
p/p4.png 1 0 0 144 185
p/p3.png 1 0 0 150 186
p/p2.png 1 0 0 155 183
p/p1.png 1 0 0 156 188